mode: set
matilde/action/cleaners.go:17.54,55.2 3 1
matilde/action/cleaners.go:59.55,95.2 3 1
matilde/action/cleaners.go:99.54,129.2 3 0
matilde/action/cleaners.go:133.58,155.2 3 0
matilde/action/cleaners.go:159.56,196.2 3 1
matilde/action/cleaners.go:200.57,235.2 3 1
matilde/action/cleaners.go:239.60,269.2 3 0
matilde/action/cleaners.go:273.61,303.2 3 0
matilde/action/cleaners.go:307.61,339.2 3 0
matilde/action/cleaners.go:342.61,361.2 3 0
matilde/action/cleaners.go:365.60,392.2 3 0
matilde/action/cleaners.go:396.64,415.2 3 0
matilde/action/cleaners.go:419.61,446.2 3 0
matilde/action/cleaners.go:450.55,477.2 3 0
matilde/action/cleaners.go:481.54,513.2 3 0
matilde/action/cleaners.go:516.54,546.2 3 0
matilde/action/cleaners.go:550.55,578.2 3 1
matilde/action/cleaners.go:582.54,608.2 3 0
matilde/action/cleaners.go:612.55,637.2 3 0
matilde/action/cleaners.go:641.58,660.2 3 0
matilde/action/cleaners.go:664.55,683.2 3 0
matilde/action/cleaners.go:687.60,712.2 3 0
matilde/action/cleaners.go:716.56,748.2 3 0
matilde/action/cleaners.go:752.57,781.2 3 0
matilde/action/cleaners.go:785.60,822.2 3 1
matilde/action/cleaners.go:826.61,843.2 3 0
matilde/action/cleaners.go:847.62,872.2 3 0
matilde/action/cleaners.go:876.56,909.2 3 0
matilde/action/cleaners.go:913.55,942.2 3 0
matilde/action/cleaners.go:947.59,969.2 3 0
matilde/action/cleaners.go:974.61,995.2 3 0
matilde/action/cleaners.go:1000.55,1026.2 3 0
matilde/action/file.go:28.83,29.26 1 1
matilde/action/file.go:29.26,32.17 2 1
matilde/action/file.go:37.3,38.17 2 1
matilde/action/file.go:43.3,45.10 3 1
matilde/action/file.go:53.3,54.32 2 1
matilde/action/file.go:32.17,35.12 2 1
matilde/action/file.go:38.17,41.12 2 1
matilde/action/file.go:46.3,49.5 0 1
matilde/action/file.go:50.3,51.10 1 1
matilde/action/file.go:59.84,60.34 1 1
matilde/action/file.go:60.34,66.22 6 1
matilde/action/file.go:81.3,81.53 1 1
matilde/action/file.go:66.22,74.11 5 1
matilde/action/file.go:79.4,79.22 1 1
matilde/action/file.go:75.4,75.24 0 1
matilde/action/file.go:76.4,77.11 1 0
matilde/action/main.go:36.32,39.2 2 0
matilde/action/main.go:44.38,46.23 1 1
matilde/action/main.go:49.2,51.13 3 1
matilde/action/main.go:57.2,57.11 1 0
matilde/action/main.go:46.23,48.3 1 0
matilde/action/main.go:51.13,52.28 1 1
matilde/action/main.go:55.3,55.13 1 1
matilde/action/main.go:52.28,54.4 1 1
matilde/action/main.go:62.37,63.16 1 1
matilde/action/main.go:63.16,65.3 1 1
matilde/action/main.go:70.39,71.30 1 1
matilde/action/main.go:71.30,72.21 1 1
matilde/action/main.go:72.21,74.4 1 1
matilde/action/main.go:81.49,84.21 3 1
matilde/action/main.go:88.2,89.16 2 1
matilde/action/main.go:92.2,92.14 1 1
matilde/action/main.go:84.21,87.3 2 1
matilde/action/main.go:89.16,91.3 1 0
matilde/action/main.go:97.66,98.47 1 1
matilde/action/main.go:101.2,101.52 1 1
matilde/action/main.go:104.2,104.47 1 1
matilde/action/main.go:111.2,111.24 1 1
matilde/action/main.go:118.2,118.12 1 1
matilde/action/main.go:98.47,100.3 1 1
matilde/action/main.go:101.52,103.3 1 1
matilde/action/main.go:104.47,105.76 1 1
matilde/action/main.go:105.76,107.4 1 1
matilde/action/main.go:111.24,112.37 1 1
matilde/action/main.go:112.37,113.22 1 1
matilde/action/main.go:113.22,115.5 1 1
matilde/action/main.go:126.56,132.2 5 1
matilde/action/main.go:137.74,138.23 1 0
matilde/action/main.go:138.23,141.17 3 0
matilde/action/main.go:145.3,146.10 2 0
matilde/action/main.go:141.17,143.12 2 0
matilde/action/main.go:147.3,148.12 1 0
matilde/action/main.go:149.3,150.10 1 0
matilde/action/main.go:157.83,158.13 1 0
matilde/action/main.go:161.2,161.23 1 0
matilde/action/main.go:158.13,160.3 1 0
matilde/action/main.go:161.23,163.17 2 0
matilde/action/main.go:167.3,168.10 2 0
matilde/action/main.go:163.17,165.12 2 0
matilde/action/main.go:169.3,170.10 1 0
matilde/action/main.go:171.3,172.12 1 0
matilde/action/clean.go:10.40,12.25 2 1
matilde/action/clean.go:18.2,19.9 2 1
matilde/action/clean.go:159.2,162.23 2 1
matilde/action/clean.go:12.25,17.3 4 1
matilde/action/clean.go:20.2,23.18 3 0
matilde/action/clean.go:24.2,27.18 3 0
matilde/action/clean.go:28.2,31.18 3 0
matilde/action/clean.go:32.2,35.18 3 0
matilde/action/clean.go:36.2,39.18 3 1
matilde/action/clean.go:40.2,43.18 3 0
matilde/action/clean.go:44.2,47.18 3 0
matilde/action/clean.go:48.2,51.18 3 0
matilde/action/clean.go:52.2,55.18 3 0
matilde/action/clean.go:56.2,59.18 3 0
matilde/action/clean.go:60.2,63.18 3 0
matilde/action/clean.go:64.2,67.18 3 0
matilde/action/clean.go:68.2,71.18 3 0
matilde/action/clean.go:72.2,75.18 3 0
matilde/action/clean.go:76.2,79.18 3 0
matilde/action/clean.go:80.2,83.18 3 0
matilde/action/clean.go:84.2,87.18 3 0
matilde/action/clean.go:88.2,91.18 3 0
matilde/action/clean.go:92.2,95.18 3 0
matilde/action/clean.go:96.2,99.18 3 0
matilde/action/clean.go:100.2,103.18 3 0
matilde/action/clean.go:104.2,107.18 3 0
matilde/action/clean.go:108.2,111.18 3 0
matilde/action/clean.go:112.2,115.18 3 0
matilde/action/clean.go:116.2,119.18 3 0
matilde/action/clean.go:120.2,123.18 3 0
matilde/action/clean.go:124.2,127.18 3 0
matilde/action/clean.go:128.2,131.18 3 0
matilde/action/clean.go:132.2,135.18 3 0
matilde/action/clean.go:136.2,139.18 3 0
matilde/action/clean.go:140.2,143.18 3 0
matilde/action/clean.go:144.2,147.18 3 0
matilde/action/clean.go:148.2,149.19 1 0
matilde/action/clean.go:149.19,153.4 3 0
matilde/action/clean.go:153.4,156.4 2 0
matilde/action/clean.go:162.23,164.3 1 1
