mode: set
matilde/db/main.go:94.51,96.16 2 1
matilde/db/main.go:99.2,104.16 5 1
matilde/db/main.go:107.2,109.16 3 1
matilde/db/main.go:112.2,114.16 3 1
matilde/db/main.go:117.2,119.16 3 1
matilde/db/main.go:122.2,123.15 2 1
matilde/db/main.go:96.16,98.3 1 0
matilde/db/main.go:104.16,106.3 1 0
matilde/db/main.go:109.16,111.3 1 0
matilde/db/main.go:114.16,116.3 1 0
matilde/db/main.go:119.16,121.3 1 0
matilde/db/main.go:162.74,164.40 1 1
matilde/db/main.go:167.2,169.9 3 1
matilde/db/main.go:164.40,166.3 1 0
matilde/db/main.go:170.2,171.63 1 0
matilde/db/main.go:172.2,173.20 1 1
matilde/db/main.go:178.71,180.37 1 1
matilde/db/main.go:184.2,186.9 3 1
matilde/db/main.go:180.37,182.3 1 0
matilde/db/main.go:187.2,188.60 1 0
matilde/db/main.go:189.2,190.19 1 1
matilde/db/main.go:195.82,197.46 1 1
matilde/db/main.go:201.2,203.9 3 1
matilde/db/main.go:197.46,199.3 1 0
matilde/db/main.go:204.2,205.69 1 0
matilde/db/main.go:206.2,207.22 1 1
matilde/db/main.go:212.40,216.16 4 1
matilde/db/main.go:219.2,219.23 1 1
matilde/db/main.go:222.2,223.12 2 1
matilde/db/main.go:216.16,218.3 1 0
matilde/db/main.go:219.23,221.3 1 1
matilde/db/main.go:227.42,231.16 4 1
matilde/db/main.go:234.2,234.23 1 1
matilde/db/main.go:237.2,238.12 2 1
matilde/db/main.go:231.16,233.3 1 0
matilde/db/main.go:234.23,236.3 1 1
matilde/db/main.go:242.39,246.16 4 1
matilde/db/main.go:249.2,249.23 1 1
matilde/db/main.go:252.2,253.12 2 1
matilde/db/main.go:246.16,248.3 1 0
matilde/db/main.go:249.23,251.3 1 1
matilde/db/main.go:260.74,262.36 1 1
matilde/db/main.go:266.2,269.18 4 1
matilde/db/main.go:274.2,274.9 1 1
matilde/db/main.go:262.36,264.3 1 0
matilde/db/main.go:269.18,273.3 3 1
matilde/db/main.go:275.2,276.27 1 0
matilde/db/main.go:280.3,280.24 1 0
matilde/db/main.go:281.2,282.21 1 1
matilde/db/main.go:276.27,279.4 1 0
matilde/db/main.go:287.38,291.16 4 1
matilde/db/main.go:294.2,294.23 1 1
matilde/db/main.go:301.2,301.12 1 1
matilde/db/main.go:291.16,293.3 1 0
matilde/db/main.go:294.23,295.45 1 1
matilde/db/main.go:299.3,299.58 1 1
matilde/db/main.go:295.45,298.4 2 1
matilde/db/main.go:305.44,307.12 2 1
matilde/db/main.go:340.2,340.16 1 1
matilde/db/main.go:307.12,308.7 1 1
matilde/db/main.go:308.7,309.11 1 1
matilde/db/main.go:310.4,311.22 1 1
matilde/db/main.go:334.5,335.26 2 1
matilde/db/main.go:311.22,314.20 3 1
matilde/db/main.go:317.6,319.20 3 1
matilde/db/main.go:322.6,324.20 3 1
matilde/db/main.go:327.6,329.20 3 1
matilde/db/main.go:332.6,332.27 1 1
matilde/db/main.go:314.20,316.7 1 0
matilde/db/main.go:319.20,321.7 1 0
matilde/db/main.go:324.20,326.7 1 0
matilde/db/main.go:329.20,331.7 1 0
